Performing C SOURCE FILE Test CMAKE_HAVE_LIBC_PTHREAD failed with the following output:
Change Dir: /home/fhl/bytedance-database-project/build/CMakeFiles/CMakeTmp

Run Build Command(s):/usr/bin/gmake -f Makefile cmTC_4b06d/fast && /usr/bin/gmake  -f CMakeFiles/cmTC_4b06d.dir/build.make CMakeFiles/cmTC_4b06d.dir/build
gmake[1]: 进入目录“/home/fhl/bytedance-database-project/build/CMakeFiles/CMakeTmp”
Building C object CMakeFiles/cmTC_4b06d.dir/src.c.o
/usr/local/bin/gcc -DCMAKE_HAVE_LIBC_PTHREAD   -o CMakeFiles/cmTC_4b06d.dir/src.c.o -c /home/fhl/bytedance-database-project/build/CMakeFiles/CMakeTmp/src.c
Linking C executable cmTC_4b06d
/usr/local/cmake/bin/cmake -E cmake_link_script CMakeFiles/cmTC_4b06d.dir/link.txt --verbose=1
/usr/local/bin/gcc -rdynamic CMakeFiles/cmTC_4b06d.dir/src.c.o -o cmTC_4b06d 
CMakeFiles/cmTC_4b06d.dir/src.c.o：在函数‘main’中：
src.c:(.text+0x2d)：对‘pthread_create’未定义的引用
src.c:(.text+0x39)：对‘pthread_detach’未定义的引用
src.c:(.text+0x45)：对‘pthread_cancel’未定义的引用
src.c:(.text+0x56)：对‘pthread_join’未定义的引用
src.c:(.text+0x6a)：对‘pthread_atfork’未定义的引用
collect2: 错误：ld 返回 1
gmake[1]: *** [cmTC_4b06d] 错误 1
gmake[1]: 离开目录“/home/fhl/bytedance-database-project/build/CMakeFiles/CMakeTmp”
gmake: *** [cmTC_4b06d/fast] 错误 2


Source file was:
#include <pthread.h>

static void* test_func(void* data)
{
  return data;
}

int main(void)
{
  pthread_t thread;
  pthread_create(&thread, NULL, test_func, NULL);
  pthread_detach(thread);
  pthread_cancel(thread);
  pthread_join(thread, NULL);
  pthread_atfork(NULL, NULL, NULL);
  pthread_exit(NULL);

  return 0;
}

Determining if the function pthread_create exists in the pthreads failed with the following output:
Change Dir: /home/fhl/bytedance-database-project/build/CMakeFiles/CMakeTmp

Run Build Command(s):/usr/bin/gmake -f Makefile cmTC_cb333/fast && /usr/bin/gmake  -f CMakeFiles/cmTC_cb333.dir/build.make CMakeFiles/cmTC_cb333.dir/build
gmake[1]: 进入目录“/home/fhl/bytedance-database-project/build/CMakeFiles/CMakeTmp”
Building C object CMakeFiles/cmTC_cb333.dir/CheckFunctionExists.c.o
/usr/local/bin/gcc   -DCHECK_FUNCTION_EXISTS=pthread_create -o CMakeFiles/cmTC_cb333.dir/CheckFunctionExists.c.o -c /usr/local/cmake/share/cmake-3.22/Modules/CheckFunctionExists.c
Linking C executable cmTC_cb333
/usr/local/cmake/bin/cmake -E cmake_link_script CMakeFiles/cmTC_cb333.dir/link.txt --verbose=1
/usr/local/bin/gcc  -DCHECK_FUNCTION_EXISTS=pthread_create -rdynamic CMakeFiles/cmTC_cb333.dir/CheckFunctionExists.c.o -o cmTC_cb333  -lpthreads 
/usr/bin/ld: 找不到 -lpthreads
collect2: 错误：ld 返回 1
gmake[1]: *** [cmTC_cb333] 错误 1
gmake[1]: 离开目录“/home/fhl/bytedance-database-project/build/CMakeFiles/CMakeTmp”
gmake: *** [cmTC_cb333/fast] 错误 2



